Arguments: 
  C:\Program Files\nodejs\node.exe C:\Users\付超\AppData\Roaming\npm\node_modules\yarn\bin\yarn.js add node-sass@^5.0.0 sass-loader@^10.1.0

PATH: 
  C:\WINDOWS\system32;C:\WINDOWS;C:\WINDOWS\System32\Wbem;C:\WINDOWS\System32\WindowsPowerShell\v1.0\;C:\WINDOWS\System32\OpenSSH\;D:\mongodb\bin;C:\Program Files\nodejs\;F:\学习文件夹\redis;;;E:\Git\cmd;D:\wx小程序开发工具\微信web开发者工具\dll;C:\Users\付超\AppData\Local\Microsoft\WindowsApps;;F:\Microsoft VS Code\bin;C:\Users\付超\AppData\Roaming\npm;E:\IntelliJ IDEA 2021.2.3\bin;

Yarn version: 
  1.22.17

Node version: 
  14.18.0

Platform: 
  win32 x64

Trace: 
  Error: ENOENT: no such file or directory, copyfile 'C:\Users\付超\AppData\Local\Yarn\Cache\v6\npm-ms-2.1.2-d09d1f357b443f493382a8eb3ccd183872ae6009-integrity\node_modules\ms\index.js' -> 'D:\study\project\chat_online\node_modules\@babel\core\node_modules\ms\index.js'

npm manifest: 
  {
    "private": true,
    "scripts": {
      "dev": "roadhog server",
      "build": "roadhog build",
      "lint": "eslint --ext .js src test",
      "precommit": "npm run lint"
    },
    "dependencies": {
      "dva": "^2.4.1",
      "react": "^16.2.0",
      "react-dom": "^16.2.0"
    },
    "devDependencies": {
      "babel-plugin-dva-hmr": "^0.3.2",
      "eslint": "^4.14.0",
      "eslint-config-umi": "^0.1.1",
      "eslint-plugin-flowtype": "^2.34.1",
      "eslint-plugin-import": "^2.6.0",
      "eslint-plugin-jsx-a11y": "^5.1.1",
      "eslint-plugin-react": "^7.1.0",
      "husky": "^0.12.0",
      "redbox-react": "^1.4.3",
      "roadhog": "^2.5.0-beta.4"
    }
  }

yarn manifest: 
  No manifest

Lockfile: 
  No lockfile
